
/home/runner/work/exp-impulse-response-analysis-nitk/exp-impulse-response-analysis-nitk/experiment/simulation/js/Input.js
   1:7   warning  'NumberInput' is defined but never used  no-unused-vars
  21:27  warning  'createInput' is not defined             no-undef
  32:31  warning  'createSlider' is not defined            no-undef
  55:13  warning  'position_graph1' is not defined         no-undef
  56:13  warning  'position_graph2' is not defined         no-undef
  73:9   warning  'push' is not defined                    no-undef
  75:9   warning  'fill' is not defined                    no-undef
  76:9   warning  'strokeWeight' is not defined            no-undef
  77:9   warning  'textFont' is not defined                no-undef
  78:9   warning  'textSize' is not defined                no-undef
  79:9   warning  'text' is not defined                    no-undef
  81:9   warning  'pop' is not defined                     no-undef

/home/runner/work/exp-impulse-response-analysis-nitk/exp-impulse-response-analysis-nitk/experiment/simulation/js/buttonIcon.js
   1:7  warning  'Button' is defined but never used  no-unused-vars
  18:9  warning  'image' is not defined              no-undef

/home/runner/work/exp-impulse-response-analysis-nitk/exp-impulse-response-analysis-nitk/experiment/simulation/js/dpi.js
  42:10  error  Parsing error: Identifier 'fix_dpi' has already been declared

/home/runner/work/exp-impulse-response-analysis-nitk/exp-impulse-response-analysis-nitk/experiment/simulation/js/dynamic_graphs.js
   1:7   warning  'DynamicGraph' is defined but never used  no-unused-vars
  26:25  warning  'map' is not defined                      no-undef
  28:21  warning  'map' is not defined                      no-undef
  28:46  warning  'spring1' is not defined                  no-undef
  43:9   warning  'push' is not defined                     no-undef
  46:13  warning  'beginShape' is not defined               no-undef
  47:13  warning  'stroke' is not defined                   no-undef
  48:13  warning  'strokeWeight' is not defined             no-undef
  49:13  warning  'noFill' is not defined                   no-undef
  52:17  warning  'vertex' is not defined                   no-undef
  54:13  warning  'endShape' is not defined                 no-undef
  57:9   warning  'stroke' is not defined                   no-undef
  58:9   warning  'strokeWeight' is not defined             no-undef
  59:9   warning  'line' is not defined                     no-undef
  60:9   warning  'line' is not defined                     no-undef
  62:9   warning  'strokeWeight' is not defined             no-undef
  63:9   warning  'fill' is not defined                     no-undef
  64:9   warning  'textSize' is not defined                 no-undef
  65:9   warning  'text' is not defined                     no-undef
  66:9   warning  'translate' is not defined                no-undef
  67:9   warning  'rotate' is not defined                   no-undef
  67:16  warning  'radians' is not defined                  no-undef
  68:9   warning  'text' is not defined                     no-undef
  70:9   warning  'pop' is not defined                      no-undef

/home/runner/work/exp-impulse-response-analysis-nitk/exp-impulse-response-analysis-nitk/experiment/simulation/js/event_handling.js
   1:10  warning  'handleEvents' is defined but never used  no-unused-vars
   5:9   warning  'button1' is not defined                  no-undef
   5:20  warning  'mouseX' is not defined                   no-undef
   5:28  warning  'mouseY' is not defined                   no-undef
   5:39  warning  'page1' is not defined                    no-undef
   7:13  warning  'animation' is not defined                no-undef
   8:13  warning  'noLoop' is not defined                   no-undef
   9:13  warning  'button1' is not defined                  no-undef
   9:28  warning  'play' is not defined                     no-undef
  10:13  warning  'button1' is not defined                  no-undef
  11:13  warning  'animation' is not defined                no-undef
  12:13  warning  'touch' is not defined                    no-undef
  15:13  warning  'loop' is not defined                     no-undef
  16:13  warning  'button1' is not defined                  no-undef
  16:28  warning  'pause' is not defined                    no-undef
  17:13  warning  'button1' is not defined                  no-undef
  18:13  warning  'animation' is not defined                no-undef
  19:13  warning  'touch' is not defined                    no-undef
  22:9   warning  'button2' is not defined                  no-undef
  22:20  warning  'mouseX' is not defined                   no-undef
  22:28  warning  'mouseY' is not defined                   no-undef
  22:39  warning  'page1' is not defined                    no-undef
  23:9   warning  'position_graph1' is not defined          no-undef
  24:9   warning  'position_graph2' is not defined          no-undef
  25:9   warning  'page1' is not defined                    no-undef
  26:9   warning  'page2' is not defined                    no-undef
  33:9   warning  'button3' is not defined                  no-undef
  33:20  warning  'mouseX' is not defined                   no-undef
  33:28  warning  'mouseY' is not defined                   no-undef
  33:39  warning  'page2' is not defined                    no-undef
  34:9   warning  'position_graph1' is not defined          no-undef
  35:9   warning  'position_graph2' is not defined          no-undef
  36:9   warning  'page1' is not defined                    no-undef
  37:9   warning  'page2' is not defined                    no-undef
  42:9   warning  'button4' is not defined                  no-undef
  42:20  warning  'mouseX' is not defined                   no-undef
  42:28  warning  'mouseY' is not defined                   no-undef
  42:39  warning  'page2' is not defined                    no-undef
  43:9   warning  'position_graph1' is not defined          no-undef
  44:9   warning  'position_graph2' is not defined          no-undef
  45:9   warning  'page3' is not defined                    no-undef
  46:9   warning  'page2' is not defined                    no-undef
  51:9   warning  'button5' is not defined                  no-undef
  51:20  warning  'mouseX' is not defined                   no-undef
  51:27  warning  'mouseY' is not defined                   no-undef
  51:37  warning  'page3' is not defined                    no-undef
  52:9   warning  'position_graph1' is not defined          no-undef
  53:9   warning  'position_graph2' is not defined          no-undef
  54:9   warning  'page2' is not defined                    no-undef
  55:9   warning  'page3' is not defined                    no-undef

/home/runner/work/exp-impulse-response-analysis-nitk/exp-impulse-response-analysis-nitk/experiment/simulation/js/graph.js
   1:7   warning  'Graph' is defined but never used  no-unused-vars
  25:9   warning  't' is not defined                 no-undef
  29:9   warning  'push' is not defined              no-undef
  34:9   warning  'beginShape' is not defined        no-undef
  35:9   warning  'stroke' is not defined            no-undef
  36:9   warning  'strokeWeight' is not defined      no-undef
  37:9   warning  'noFill' is not defined            no-undef
  42:24  warning  'map' is not defined               no-undef
  42:43  warning  'max' is not defined               no-undef
  45:13  warning  'vertex' is not defined            no-undef
  48:17  warning  'vertex' is not defined            no-undef
  52:9   warning  'endShape' is not defined          no-undef
  54:9   warning  'stroke' is not defined            no-undef
  55:9   warning  'strokeWeight' is not defined      no-undef
  56:9   warning  'line' is not defined              no-undef
  57:9   warning  'line' is not defined              no-undef
  58:9   warning  'line' is not defined              no-undef
  60:9   warning  'fill' is not defined              no-undef
  61:9   warning  'strokeWeight' is not defined      no-undef
  62:9   warning  'textSize' is not defined          no-undef
  63:9   warning  'text' is not defined              no-undef
  64:9   warning  'translate' is not defined         no-undef
  65:9   warning  'rotate' is not defined            no-undef
  65:16  warning  'radians' is not defined           no-undef
  66:9   warning  'text' is not defined              no-undef
  68:9   warning  'pop' is not defined               no-undef

/home/runner/work/exp-impulse-response-analysis-nitk/exp-impulse-response-analysis-nitk/experiment/simulation/js/jquery-ui.js
      9:39  warning  'define' is not defined                                      no-undef
     11:5   warning  'define' is not defined                                      no-undef
     14:13  warning  'jQuery' is not defined                                      no-undef
     21:7   warning  'version' is assigned a value but never used                 no-unused-vars
    797:7   warning  'widget' is assigned a value but never used                  no-unused-vars
    822:19  warning  Unnecessary escape character: \+                             no-useless-escape
    822:21  warning  Unnecessary escape character: \-                             no-useless-escape
   1365:7   warning  'position' is assigned a value but never used                no-unused-vars
   1381:7   warning  'data' is assigned a value but never used                    no-unused-vars
   1410:7   warning  'disableSelection' is assigned a value but never used        no-unused-vars
   1452:23  warning  Unnecessary escape character: \-                             no-useless-escape
   1462:39  warning  Unnecessary escape character: \%                             no-useless-escape
   1462:63  warning  Unnecessary escape character: \%                             no-useless-escape
   1462:87  warning  Unnecessary escape character: \%                             no-useless-escape
   1499:61  warning  Unnecessary escape character: \%                             no-useless-escape
   1499:85  warning  Unnecessary escape character: \%                             no-useless-escape
   2078:29  warning  Empty block statement                                        no-empty
   3120:63  warning  Empty block statement                                        no-empty
   3156:7   warning  'effectsEffectBlind' is assigned a value but never used      no-unused-vars
   3217:7   warning  'effectsEffectBounce' is assigned a value but never used     no-unused-vars
   3309:7   warning  'effectsEffectClip' is assigned a value but never used       no-unused-vars
   3360:7   warning  'effectsEffectDrop' is assigned a value but never used       no-unused-vars
   3418:7   warning  'effectsEffectExplode' is assigned a value but never used    no-unused-vars
   3523:7   warning  'effectsEffectFade' is assigned a value but never used       no-unused-vars
   3560:7   warning  'effectsEffectFold' is assigned a value but never used       no-unused-vars
   3639:7   warning  'effectsEffectHighlight' is assigned a value but never used  no-unused-vars
   3683:7   warning  'effectsEffectSize' is assigned a value but never used       no-unused-vars
   3884:7   warning  'effectsEffectScale' is assigned a value but never used      no-unused-vars
   3929:7   warning  'effectsEffectPuff' is assigned a value but never used       no-unused-vars
   3957:7   warning  'effectsEffectPulsate' is assigned a value but never used    no-unused-vars
   4007:7   warning  'effectsEffectShake' is assigned a value but never used      no-unused-vars
   4062:7   warning  'effectsEffectSlide' is assigned a value but never used      no-unused-vars
   4127:7   warning  'effect' is already defined                                  no-redeclare
   4133:7   warning  'effectsEffectTransfer' is assigned a value but never used   no-unused-vars
   4209:7   warning  'focusable' is assigned a value but never used               no-unused-vars
   4214:7   warning  'form' is assigned a value but never used                    no-unused-vars
   4234:7   warning  'formResetMixin' is assigned a value but never used          no-unused-vars
   4311:22  warning  Unexpected control character(s) in regular expression: \x1f  no-control-regex
   4369:7   warning  'keycode' is assigned a value but never used                 no-unused-vars
   4402:7   warning  'labels' is assigned a value but never used                  no-unused-vars
   4455:7   warning  'scrollParent' is assigned a value but never used            no-unused-vars
   4492:7   warning  'tabbable' is assigned a value but never used                no-unused-vars
   4516:7   warning  'uniqueId' is assigned a value but never used                no-unused-vars
   4558:7   warning  'widgetsAccordion' is assigned a value but never used        no-unused-vars
   5187:7   warning  'safeActiveElement' is assigned a value but never used       no-unused-vars
   5233:7   warning  'widgetsMenu' is assigned a value but never used             no-unused-vars
   5939:13  warning  Unnecessary escape character: \-                             no-useless-escape
   5939:15  warning  Unnecessary escape character: \[                             no-useless-escape
   5939:30  warning  Unnecessary escape character: \^                             no-useless-escape
   6581:30  warning  Unnecessary escape character: \-                             no-useless-escape
   6581:32  warning  Unnecessary escape character: \[                             no-useless-escape
   6581:47  warning  Unnecessary escape character: \^                             no-useless-escape
   6626:7   warning  'widgetsAutocomplete' is assigned a value but never used     no-unused-vars
   6648:7   warning  'widgetsControlgroup' is assigned a value but never used     no-unused-vars
   7239:7   warning  'widgetsCheckboxradio' is assigned a value but never used    no-unused-vars
   7686:7   warning  'widgetsButton' is assigned a value but never used           no-unused-vars
   7921:51  warning  Unnecessary escape character: \-                             no-useless-escape
   8620:23  warning  Empty block statement                                        no-empty
   9326:18  warning  Unexpected constant condition                                no-constant-condition
   9623:27  warning  Unnecessary escape character: \-                             no-useless-escape
  10293:40  warning  Unnecessary escape character: \-                             no-useless-escape
  10295:32  warning  Unnecessary escape character: \-                             no-useless-escape
  10435:35  warning  Unnecessary escape character: \-                             no-useless-escape
  10438:35  warning  Unnecessary escape character: \-                             no-useless-escape
  10603:7   warning  'widgetsDatepicker' is assigned a value but never used       no-unused-vars
  10606:7   warning  'ie' is assigned a value but never used                      no-unused-vars
  10627:7   warning  'widgetsMouse' is assigned a value but never used            no-unused-vars
  10835:7   warning  'plugin' is assigned a value but never used                  no-unused-vars
  10868:7   warning  'safeBlur' is assigned a value but never used                no-unused-vars
  12169:7   warning  'widgetsDraggable' is assigned a value but never used        no-unused-vars
  13428:7   warning  'widgetsResizable' is assigned a value but never used        no-unused-vars
  14383:7   warning  'widgetsDialog' is assigned a value but never used           no-unused-vars
  14902:7   warning  'widgetsDroppable' is assigned a value but never used        no-unused-vars
  14924:7   warning  'widgetsProgressbar' is assigned a value but never used      no-unused-vars
  15081:7   warning  'widgetsSelectable' is assigned a value but never used       no-unused-vars
  15399:7   warning  'widgetsSelectmenu' is assigned a value but never used       no-unused-vars
  16098:7   warning  'widgetsSlider' is assigned a value but never used           no-unused-vars
  16890:7   warning  'widgetsSortable' is assigned a value but never used         no-unused-vars
  17501:33  warning  Unnecessary escape character: \-                             no-useless-escape
  19078:15  warning  'Globalize' is not defined                                   no-undef
  19089:11  warning  'Globalize' is not defined                                   no-undef
  19209:7   warning  'widgetsSpinner' is assigned a value but never used          no-unused-vars
  19265:25  warning  Empty block statement                                        no-empty
  19268:25  warning  Empty block statement                                        no-empty
  19507:38  warning  Unnecessary escape character: \/                             no-useless-escape
  19507:47  warning  Unnecessary escape character: \[                             no-useless-escape
  19507:51  warning  Unnecessary escape character: \^                             no-useless-escape
  20132:7   warning  'widgetsTabs' is assigned a value but never used             no-unused-vars
  20643:7   warning  'widgetsTooltip' is assigned a value but never used          no-unused-vars

/home/runner/work/exp-impulse-response-analysis-nitk/exp-impulse-response-analysis-nitk/experiment/simulation/js/jquery.ui.touch-punch.js
  174:4  warning  'jQuery' is not defined  no-undef

/home/runner/work/exp-impulse-response-analysis-nitk/exp-impulse-response-analysis-nitk/experiment/simulation/js/jquery.ui.touch-punch.min.js
  81:4  warning  'jQuery' is not defined  no-undef

/home/runner/work/exp-impulse-response-analysis-nitk/exp-impulse-response-analysis-nitk/experiment/simulation/js/p5.dom.js
    29:39  warning  'define' is not defined                          no-undef
    30:5   warning  'define' is not defined                          no-undef
    32:13  warning  'require' is not defined                         no-undef
   214:43  warning  'e' is defined but never used                    no-unused-vars
   289:39  warning  Invalid typeof comparison value                  valid-typeof
   579:20  warning  'i' is already defined                           no-redeclare
   674:13  warning  'ran' is assigned a value but never used         no-unused-vars
   692:18  warning  'i' is already defined                           no-redeclare
   707:18  warning  'i' is already defined                           no-redeclare
   796:7   warning  Move function declaration to function body root  no-inner-declarations
   803:11  warning  Move function declaration to function body root  no-inner-declarations
   810:12  warning  Unnecessary semicolon                            no-extra-semi
   838:9   warning  'src' is already defined                         no-redeclare
  1301:11  warning  'transform' is already defined                   no-redeclare
  1582:20  warning  'prop' is already defined                        no-redeclare

/home/runner/work/exp-impulse-response-analysis-nitk/exp-impulse-response-analysis-nitk/experiment/simulation/js/p5.js
      2:73    warning  'module' is not defined                                                    no-undef
      2:128   warning  'define' is not defined                                                    no-undef
      2:140   warning  'define' is not defined                                                    no-undef
      2:244   warning  'global' is not defined                                                    no-undef
      2:341   warning  'module' is defined but never used                                         no-unused-vars
      2:348   warning  'exports' is defined but never used                                        no-unused-vars
      2:452   warning  'require' is not defined                                                   no-undef
      2:752   warning  'require' is not defined                                                   no-undef
      2:819   warning  '_dereq_' is defined but never used                                        no-unused-vars
      2:827   warning  'module' is defined but never used                                         no-unused-vars
      2:834   warning  'exports' is defined but never used                                        no-unused-vars
    521:2     warning  Unnecessary semicolon                                                      no-extra-semi
   1163:66    warning  'global' is not defined                                                    no-undef
   2210:11    warning  'ArrayBuffer' is already defined as a built-in global variable             no-redeclare
   2210:24    warning  'DataView' is already defined as a built-in global variable                no-redeclare
   2210:34    warning  'Uint8Array' is already defined as a built-in global variable              no-redeclare
   2210:46    warning  'XMLHttpRequest' is already defined as a built-in global variable          no-redeclare
   2962:12    warning  Unexpected constant condition                                              no-constant-condition
   3038:15    warning  Do not access Object.prototype method 'hasOwnProperty' from target object  no-prototype-builtins
   4803:35    warning  'value2' is assigned a value but never used                                no-unused-vars
   5897:9     warning  'langTagCount' is assigned a value but never used                          no-unused-vars
   6709:11    warning  'WeakMap' is already defined as a built-in global variable                 no-redeclare
   7323:46    warning  'exports' is defined but never used                                        no-unused-vars
   7495:29    warning  'name' is defined but never used                                           no-unused-vars
   7500:27    warning  'dir' is defined but never used                                            no-unused-vars
   7505:20    warning  '_dereq_' is defined but never used                                        no-unused-vars
   7505:28    warning  'module' is defined but never used                                         no-unused-vars
   7505:35    warning  'exports' is defined but never used                                        no-unused-vars
   7542:40    warning  Do not access Object.prototype method 'isPrototypeOf' from target object   no-prototype-builtins
   7554:28    warning  Unnecessary escape character: \^                                           no-useless-escape
   7620:21    warning  Do not access Object.prototype method 'hasOwnProperty' from target object  no-prototype-builtins
   7629:20    warning  Do not access Object.prototype method 'hasOwnProperty' from target object  no-prototype-builtins
   7718:49    warning  Do not access Object.prototype method 'isPrototypeOf' from target object   no-prototype-builtins
   7720:57    warning  Do not access Object.prototype method 'isPrototypeOf' from target object   no-prototype-builtins
   7722:68    warning  Do not access Object.prototype method 'isPrototypeOf' from target object   no-prototype-builtins
   7728:64    warning  Do not access Object.prototype method 'isPrototypeOf' from target object   no-prototype-builtins
   7739:70    warning  Do not access Object.prototype method 'isPrototypeOf' from target object   no-prototype-builtins
   7968:35    warning  'exports' is defined but never used                                        no-unused-vars
   8062:1291  warning  'exports' is defined but never used                                        no-unused-vars
   8315:52    warning  'exports' is defined but never used                                        no-unused-vars
   8894:91    warning  'exports' is defined but never used                                        no-unused-vars
   9500:99    warning  'exports' is defined but never used                                        no-unused-vars
  10134:91    warning  'exports' is defined but never used                                        no-unused-vars
  10646:98    warning  'exports' is defined but never used                                        no-unused-vars
  10977:63    warning  'exports' is defined but never used                                        no-unused-vars
  11013:51    warning  'exports' is defined but never used                                        no-unused-vars
  11234:35    warning  'exports' is defined but never used                                        no-unused-vars
  11684:20    warning  Do not access Object.prototype method 'hasOwnProperty' from target object  no-prototype-builtins
  11715:27    warning  Do not access Object.prototype method 'hasOwnProperty' from target object  no-prototype-builtins
  11716:20    warning  Do not access Object.prototype method 'hasOwnProperty' from target object  no-prototype-builtins
  11730:16    warning  Do not access Object.prototype method 'hasOwnProperty' from target object  no-prototype-builtins
  11808:37    warning  Do not access Object.prototype method 'hasOwnProperty' from target object  no-prototype-builtins
  11814:40    warning  Do not access Object.prototype method 'hasOwnProperty' from target object  no-prototype-builtins
  11894:63    warning  'exports' is defined but never used                                        no-unused-vars
  12395:67    warning  'exports' is defined but never used                                        no-unused-vars
  13069:63    warning  'exports' is defined but never used                                        no-unused-vars
  13340:63    warning  'exports' is defined but never used                                        no-unused-vars
  14223:46    warning  'exports' is defined but never used                                        no-unused-vars
  14299:63    warning  'exports' is defined but never used                                        no-unused-vars
  14511:14    warning  Expected a conditional expression and instead saw an assignment            no-cond-assign
  14521:69    warning  'exports' is defined but never used                                        no-unused-vars
  15814:118   warning  'exports' is defined but never used                                        no-unused-vars
  16120:116   warning  '_dereq_' is defined but never used                                        no-unused-vars
  16120:124   warning  'module' is defined but never used                                         no-unused-vars
  16120:131   warning  'exports' is defined but never used                                        no-unused-vars
  16129:28    warning  'element' is defined but never used                                        no-unused-vars
  16203:35    warning  'exports' is defined but never used                                        no-unused-vars
  16575:46    warning  'exports' is defined but never used                                        no-unused-vars
  16971:63    warning  'exports' is defined but never used                                        no-unused-vars
  17284:38    warning  'x2' is defined but never used                                             no-unused-vars
  17284:42    warning  'y2' is defined but never used                                             no-unused-vars
  17284:46    warning  'x3' is defined but never used                                             no-unused-vars
  17284:50    warning  'y3' is defined but never used                                             no-unused-vars
  17284:54    warning  'x4' is defined but never used                                             no-unused-vars
  17284:58    warning  'y4' is defined but never used                                             no-unused-vars
  17607:63    warning  'exports' is defined but never used                                        no-unused-vars
  18200:52    warning  'exports' is defined but never used                                        no-unused-vars
  18510:34    warning  'e' is defined but never used                                              no-unused-vars
  18572:18    warning  Do not access Object.prototype method 'hasOwnProperty' from target object  no-prototype-builtins
  18581:52    warning  'exports' is defined but never used                                        no-unused-vars
  19347:75    warning  'exports' is defined but never used                                        no-unused-vars
  19592:52    warning  'exports' is defined but never used                                        no-unused-vars
  19593:10    warning  'ImageData' is already defined as a built-in global variable               no-redeclare
  20195:35    warning  'exports' is defined but never used                                        no-unused-vars
  20212:11    warning  'frames' is already defined as a built-in global variable                  no-redeclare
  20212:11    warning  'frames' is defined but never used                                         no-unused-vars
  20532:52    warning  'exports' is defined but never used                                        no-unused-vars
  20994:137   warning  'exports' is defined but never used                                        no-unused-vars
  21701:67    warning  'exports' is defined but never used                                        no-unused-vars
  22318:90    warning  'exports' is defined but never used                                        no-unused-vars
  22326:12    warning  'Request' is already defined as a built-in global variable                 no-redeclare
  22589:47    warning  Do not access Object.prototype method 'hasOwnProperty' from target object  no-prototype-builtins
  22831:18    warning  Unnecessary escape character: \"                                           no-useless-escape
  22862:12    warning  Unexpected constant condition                                              no-constant-condition
  23205:14    warning  Do not access Object.prototype method 'hasOwnProperty' from target object  no-prototype-builtins
  23274:30    warning  'msg' is defined but never used                                            no-unused-vars
  23446:31    warning  'object' is defined but never used                                         no-unused-vars
  23446:39    warning  '_filename' is defined but never used                                      no-unused-vars
  23446:50    warning  '_options' is defined but never used                                       no-unused-vars
  23708:35    warning  Unnecessary escape character: \"                                           no-useless-escape
  23708:49    warning  Unnecessary escape character: \"                                           no-useless-escape
  23709:14    warning  Unnecessary escape character: \"                                           no-useless-escape
  23709:39    warning  Unnecessary escape character: \"                                           no-useless-escape
  23759:26    warning  Unnecessary escape character: \/                                           no-useless-escape
  23761:17    warning  Unnecessary escape character: \/                                           no-useless-escape
  23803:48    warning  Unnecessary escape character: \"                                           no-useless-escape
  23803:61    warning  Unnecessary escape character: \"                                           no-useless-escape
  23867:146   warning  'exports' is defined but never used                                        no-unused-vars
  23913:22    warning  'rows' is defined but never used                                           no-unused-vars
  24547:25    warning  Unnecessary escape character: \/                                           no-useless-escape
  25026:52    warning  'exports' is defined but never used                                        no-unused-vars
  25196:52    warning  'exports' is defined but never used                                        no-unused-vars
  25995:52    warning  'exports' is defined but never used                                        no-unused-vars
  26744:16    warning  'x' is defined but never used                                              no-unused-vars
  26744:19    warning  'y' is defined but never used                                              no-unused-vars
  26744:22    warning  'z' is defined but never used                                              no-unused-vars
  26785:52    warning  'exports' is defined but never used                                        no-unused-vars
  26819:52    warning  'exports' is defined but never used                                        no-unused-vars
  27122:52    warning  'exports' is defined but never used                                        no-unused-vars
  28177:96    warning  'exports' is defined but never used                                        no-unused-vars
  28191:35    warning  'exports' is defined but never used                                        no-unused-vars
  28438:52    warning  'exports' is defined but never used                                        no-unused-vars
  28796:96    warning  'exports' is defined but never used                                        no-unused-vars
  28847:35    warning  'horizAlign' is defined but never used                                     no-unused-vars
  28847:47    warning  'vertAlign' is defined but never used                                      no-unused-vars
  28880:37    warning  'theLeading' is defined but never used                                     no-unused-vars
  28907:34    warning  'theSize' is defined but never used                                        no-unused-vars
  28938:35    warning  'theStyle' is defined but never used                                       no-unused-vars
  29041:52    warning  'exports' is defined but never used                                        no-unused-vars
  29108:30    warning  'str' is defined but never used                                            no-unused-vars
  29108:35    warning  'x' is defined but never used                                              no-unused-vars
  29108:38    warning  'y' is defined but never used                                              no-unused-vars
  29108:41    warning  'maxWidth' is defined but never used                                       no-unused-vars
  29108:51    warning  'maxHeight' is defined but never used                                      no-unused-vars
  29183:102   warning  'exports' is defined but never used                                        no-unused-vars
  29305:31    warning  'gFontSize' is defined but never used                                      no-unused-vars
  29823:5     warning  Unexpected newline between function and ( of function call                 no-unexpected-multiline
  30076:9     warning  Unexpected newline between function and ( of function call                 no-unexpected-multiline
  30257:75    warning  'exports' is defined but never used                                        no-unused-vars
  30605:52    warning  'exports' is defined but never used                                        no-unused-vars
  30876:52    warning  'exports' is defined but never used                                        no-unused-vars
  31411:52    warning  'exports' is defined but never used                                        no-unused-vars
  31580:52    warning  'exports' is defined but never used                                        no-unused-vars
  31723:52    warning  'exports' is defined but never used                                        no-unused-vars
  31739:52    warning  'exports' is defined but never used                                        no-unused-vars
  31780:38    warning  'v1' is defined but never used                                             no-unused-vars
  31780:42    warning  'v2' is defined but never used                                             no-unused-vars
  31780:46    warning  'v3' is defined but never used                                             no-unused-vars
  31780:50    warning  'a' is defined but never used                                              no-unused-vars
  31846:54    warning  'a' is defined but never used                                              no-unused-vars
  31846:57    warning  'x' is defined but never used                                              no-unused-vars
  31846:60    warning  'y' is defined but never used                                              no-unused-vars
  31846:63    warning  'z' is defined but never used                                              no-unused-vars
  31876:5     warning  Unnecessary try/catch wrapper                                              no-useless-catch
  31947:48    warning  'a' is defined but never used                                              no-unused-vars
  31947:51    warning  'x' is defined but never used                                              no-unused-vars
  31947:54    warning  'y' is defined but never used                                              no-unused-vars
  31947:57    warning  'z' is defined but never used                                              no-unused-vars
  31977:5     warning  Unnecessary try/catch wrapper                                              no-useless-catch
  32008:52    warning  'exports' is defined but never used                                        no-unused-vars
  32241:71    warning  'exports' is defined but never used                                        no-unused-vars
  32488:41    warning  'v1' is defined but never used                                             no-unused-vars
  32488:45    warning  'v2' is defined but never used                                             no-unused-vars
  32488:49    warning  'v3' is defined but never used                                             no-unused-vars
  32488:53    warning  'a' is defined but never used                                              no-unused-vars
  32542:42    warning  'v1' is defined but never used                                             no-unused-vars
  32542:46    warning  'v2' is defined but never used                                             no-unused-vars
  32542:50    warning  'v3' is defined but never used                                             no-unused-vars
  32542:54    warning  'a' is defined but never used                                              no-unused-vars
  32570:53    warning  'v1' is defined but never used                                             no-unused-vars
  32570:56    warning  'v2' is defined but never used                                             no-unused-vars
  32570:59    warning  'v3' is defined but never used                                             no-unused-vars
  32570:62    warning  'a' is defined but never used                                              no-unused-vars
  32589:52    warning  'exports' is defined but never used                                        no-unused-vars
  32769:52    warning  'exports' is defined but never used                                        no-unused-vars
  33479:102   warning  'exports' is defined but never used                                        no-unused-vars
  33552:16    warning  'isCurve' is defined but never used                                        no-unused-vars
  33552:25    warning  'isBezier' is defined but never used                                       no-unused-vars
  33552:34    warning  'isQuadratic' is defined but never used                                    no-unused-vars
  33552:47    warning  'isContour' is defined but never used                                      no-unused-vars
  33552:58    warning  'shapeKind' is defined but never used                                      no-unused-vars
  33663:75    warning  'exports' is defined but never used                                        no-unused-vars
  33822:52    warning  'exports' is defined but never used                                        no-unused-vars
  34132:41    warning  'v1' is defined but never used                                             no-unused-vars
  34132:45    warning  'v2' is defined but never used                                             no-unused-vars
  34132:49    warning  'v3' is defined but never used                                             no-unused-vars
  34132:53    warning  'a' is defined but never used                                              no-unused-vars
  34160:43    warning  'r' is defined but never used                                              no-unused-vars
  34160:46    warning  'g' is defined but never used                                              no-unused-vars
  34160:49    warning  'b' is defined but never used                                              no-unused-vars
  34160:52    warning  'a' is defined but never used                                              no-unused-vars
  34312:108   warning  'exports' is defined but never used                                        no-unused-vars
  34464:11    warning  'id' is assigned a value but never used                                    no-unused-vars
  34898:42    warning  'x' is defined but never used                                              no-unused-vars
  34898:45    warning  'y' is defined but never used                                              no-unused-vars
  34898:48    warning  'z' is defined but never used                                              no-unused-vars
  35104:71    warning  'exports' is defined but never used                                        no-unused-vars

/home/runner/work/exp-impulse-response-analysis-nitk/exp-impulse-response-analysis-nitk/experiment/simulation/js/page1.js
    1:5   warning  'showCodeBlock' is assigned a value but never used  no-unused-vars
    2:10  warning  'runPage1' is defined but never used                no-unused-vars
    3:3   warning  'background' is not defined                         no-undef
    6:3   warning  'fill' is not defined                               no-undef
    8:3   warning  'push' is not defined                               no-undef
    9:3   warning  'textSize' is not defined                           no-undef
   10:3   warning  'textFont' is not defined                           no-undef
   13:3   warning  'pop' is not defined                                no-undef
   15:3   warning  'push' is not defined                               no-undef
   16:3   warning  'stroke' is not defined                             no-undef
   18:5   warning  'point' is not defined                              no-undef
   22:5   warning  'point' is not defined                              no-undef
   25:3   warning  'pop' is not defined                                no-undef
   29:1   warning  'position_graph1' is not defined                    no-undef
   29:24  warning  'spring1' is not defined                            no-undef
   30:1   warning  'position_graph1' is not defined                    no-undef
   32:1   warning  'position_graph2' is not defined                    no-undef
   32:24  warning  'spring1' is not defined                            no-undef
   33:1   warning  'position_graph2' is not defined                    no-undef
   36:1   warning  'strokeWeight' is not defined                       no-undef
   38:45  warning  'spring1' is not defined                            no-undef
   40:45  warning  'spring1' is not defined                            no-undef
   42:46  warning  'spring1' is not defined                            no-undef
   42:57  warning  'spring1' is not defined                            no-undef
   46:1   warning  'spring1' is not defined                            no-undef
   46:20  warning  'k3' is not defined                                 no-undef
   46:23  warning  'k1' is not defined                                 no-undef
   46:26  warning  'm1' is not defined                                 no-undef
   46:29  warning  'k2' is not defined                                 no-undef
   46:32  warning  'm2' is not defined                                 no-undef
   46:36  warning  'x10' is not defined                                no-undef
   46:40  warning  'x20' is not defined                                no-undef
   47:1   warning  'spring1' is not defined                            no-undef
   47:16  warning  't' is not defined                                  no-undef
   47:19  warning  'factor' is not defined                             no-undef
   48:1   warning  'spring1' is not defined                            no-undef
   49:1   warning  'strokeWeight' is not defined                       no-undef
   50:1   warning  'line' is not defined                               no-undef
   50:7   warning  'spring1' is not defined                            no-undef
   50:35  warning  'spring1' is not defined                            no-undef
   50:63  warning  'position_graph1' is not defined                    no-undef
   50:92  warning  'position_graph1' is not defined                    no-undef
   51:1   warning  'line' is not defined                               no-undef
   51:7   warning  'spring1' is not defined                            no-undef
   51:35  warning  'spring1' is not defined                            no-undef
   51:63  warning  'position_graph2' is not defined                    no-undef
   51:92  warning  'position_graph2' is not defined                    no-undef
   53:3   warning  'k1' is not defined                                 no-undef
   53:8   warning  '$' is not defined                                  no-undef
   54:3   warning  'm1' is not defined                                 no-undef
   54:8   warning  '$' is not defined                                  no-undef
   55:3   warning  'k2' is not defined                                 no-undef
   55:8   warning  '$' is not defined                                  no-undef
   56:3   warning  'm2' is not defined                                 no-undef
   56:8   warning  '$' is not defined                                  no-undef
   57:3   warning  'k3' is not defined                                 no-undef
   57:8   warning  '$' is not defined                                  no-undef
   58:3   warning  'F0' is not defined                                 no-undef
   58:8   warning  '$' is not defined                                  no-undef
   59:3   warning  'x10' is not defined                                no-undef
   59:9   warning  '$' is not defined                                  no-undef
   64:3   warning  'strokeWeight' is not defined                       no-undef
   66:3   warning  '$' is not defined                                  no-undef
   70:3   warning  '$' is not defined                                  no-undef
   74:3   warning  '$' is not defined                                  no-undef
   78:3   warning  't' is not defined                                  no-undef
   78:7   warning  't' is not defined                                  no-undef
   78:11  warning  'dt' is not defined                                 no-undef
   80:9   warning  '$' is not defined                                  no-undef
   82:7   warning  '$' is not defined                                  no-undef
   97:7   warning  '$' is not defined                                  no-undef
  107:9   warning  '$' is not defined                                  no-undef
  109:7   warning  '$' is not defined                                  no-undef
  116:7   warning  '$' is not defined                                  no-undef
  128:3   warning  '$' is not defined                                  no-undef

/home/runner/work/exp-impulse-response-analysis-nitk/exp-impulse-response-analysis-nitk/experiment/simulation/js/page2.js
    1:10  warning  'runPage2' is defined but never used  no-unused-vars
    2:3   warning  'background' is not defined           no-undef
    3:3   warning  'stroke' is not defined               no-undef
    5:6   warning  'spring1' is not defined              no-undef
    5:18  warning  'spring1' is not defined              no-undef
    8:5   warning  'textFont' is not defined             no-undef
    9:5   warning  'textSize' is not defined             no-undef
   10:5   warning  'strokeWeight' is not defined         no-undef
   11:5   warning  'text' is not defined                 no-undef
   12:5   warning  'textSize' is not defined             no-undef
   13:5   warning  'strokeWeight' is not defined         no-undef
   14:5   warning  'text' is not defined                 no-undef
   15:5   warning  'text' is not defined                 no-undef
   16:5   warning  'strokeWeight' is not defined         no-undef
   17:5   warning  'stroke' is not defined               no-undef
   18:5   warning  'line' is not defined                 no-undef
   19:5   warning  'stroke' is not defined               no-undef
   20:5   warning  'line' is not defined                 no-undef
   20:23  warning  'spring1' is not defined              no-undef
   21:5   warning  'line' is not defined                 no-undef
   21:23  warning  'spring1' is not defined              no-undef
   22:5   warning  'stroke' is not defined               no-undef
   23:5   warning  'line' is not defined                 no-undef
   23:23  warning  'spring1' is not defined              no-undef
   24:5   warning  'line' is not defined                 no-undef
   24:15  warning  'spring1' is not defined              no-undef
   24:38  warning  'spring1' is not defined              no-undef
   25:5   warning  'line' is not defined                 no-undef
   25:15  warning  'spring1' is not defined              no-undef
   28:13  warning  'spring1' is not defined              no-undef
   28:27  warning  'spring1' is not defined              no-undef
   30:9   warning  'textFont' is not defined             no-undef
   31:9   warning  'textSize' is not defined             no-undef
   32:9   warning  'strokeWeight' is not defined         no-undef
   33:9   warning  'text' is not defined                 no-undef
   34:9   warning  'textSize' is not defined             no-undef
   35:9   warning  'text' is not defined                 no-undef
   36:9   warning  'text' is not defined                 no-undef
   37:9   warning  'strokeWeight' is not defined         no-undef
   38:9   warning  'stroke' is not defined               no-undef
   39:9   warning  'line' is not defined                 no-undef
   40:9   warning  'stroke' is not defined               no-undef
   41:9   warning  'line' is not defined                 no-undef
   41:27  warning  'spring1' is not defined              no-undef
   42:9   warning  'line' is not defined                 no-undef
   42:27  warning  'spring1' is not defined              no-undef
   43:9   warning  'stroke' is not defined               no-undef
   44:9   warning  'line' is not defined                 no-undef
   44:27  warning  'spring1' is not defined              no-undef
   45:9   warning  'line' is not defined                 no-undef
   45:19  warning  'spring1' is not defined              no-undef
   45:42  warning  'spring1' is not defined              no-undef
   46:9   warning  'line' is not defined                 no-undef
   46:19  warning  'spring1' is not defined              no-undef
   51:5   warning  'textFont' is not defined             no-undef
   52:5   warning  'textSize' is not defined             no-undef
   53:5   warning  'strokeWeight' is not defined         no-undef
   54:5   warning  'text' is not defined                 no-undef
   55:5   warning  'textSize' is not defined             no-undef
   56:5   warning  'strokeWeight' is not defined         no-undef
   57:5   warning  'stroke' is not defined               no-undef
   58:5   warning  'line' is not defined                 no-undef
   60:5   warning  'line' is not defined                 no-undef
   62:5   warning  'textSize' is not defined             no-undef
   63:5   warning  'fill' is not defined                 no-undef
   64:5   warning  'text' is not defined                 no-undef
   65:5   warning  'text' is not defined                 no-undef
   69:5   warning  'strokeWeight' is not defined         no-undef
   70:5   warning  'stroke' is not defined               no-undef
   71:5   warning  'line' is not defined                 no-undef
   72:5   warning  'stroke' is not defined               no-undef
   73:5   warning  'line' is not defined                 no-undef
   73:27  warning  'spring1' is not defined              no-undef
   74:5   warning  'line' is not defined                 no-undef
   74:27  warning  'spring1' is not defined              no-undef
   75:5   warning  'stroke' is not defined               no-undef
   76:5   warning  'line' is not defined                 no-undef
   76:26  warning  'spring1' is not defined              no-undef
   77:5   warning  'line' is not defined                 no-undef
   77:15  warning  'spring1' is not defined              no-undef
   77:42  warning  'spring1' is not defined              no-undef
   78:5   warning  'line' is not defined                 no-undef
   78:15  warning  'spring1' is not defined              no-undef
   84:3   warning  'strokeWeight' is not defined         no-undef
   85:5   warning  'spring1' is not defined              no-undef
   85:25  warning  'k3' is not defined                   no-undef
   85:28  warning  'k1' is not defined                   no-undef
   85:31  warning  'm1' is not defined                   no-undef
   85:34  warning  'k2' is not defined                   no-undef
   85:37  warning  'm2' is not defined                   no-undef
   85:41  warning  'x10' is not defined                  no-undef
   85:46  warning  'x20' is not defined                  no-undef
   86:5   warning  'spring1' is not defined              no-undef
   86:20  warning  't' is not defined                    no-undef
   86:22  warning  'factor' is not defined               no-undef
   88:3   warning  'stroke' is not defined               no-undef
   89:3   warning  'fill' is not defined                 no-undef
   90:45  warning  'spring1' is not defined              no-undef
   91:43  warning  'spring1' is not defined              no-undef
   92:45  warning  'spring1' is not defined              no-undef
   92:57  warning  'spring1' is not defined              no-undef
   93:45  warning  'spring1' is not defined              no-undef
   93:57  warning  'spring1' is not defined              no-undef
   94:44  warning  'abs' is not defined                  no-undef
   94:48  warning  'spring1' is not defined              no-undef
   95:44  warning  'abs' is not defined                  no-undef
   95:48  warning  'spring1' is not defined              no-undef
   97:46  warning  'abs' is not defined                  no-undef
   97:50  warning  'spring1' is not defined              no-undef
   97:64  warning  'spring1' is not defined              no-undef
   97:77  warning  'spring1' is not defined              no-undef
   98:46  warning  'abs' is not defined                  no-undef
   98:50  warning  'spring1' is not defined              no-undef
   98:64  warning  'spring1' is not defined              no-undef
   98:77  warning  'spring1' is not defined              no-undef
  100:1   warning  'k1' is not defined                   no-undef
  100:6   warning  '$' is not defined                    no-undef
  101:1   warning  'm1' is not defined                   no-undef
  101:6   warning  '$' is not defined                    no-undef
  102:1   warning  'k2' is not defined                   no-undef
  102:6   warning  '$' is not defined                    no-undef
  103:1   warning  'm2' is not defined                   no-undef
  103:6   warning  '$' is not defined                    no-undef
  104:1   warning  'k3' is not defined                   no-undef
  104:6   warning  '$' is not defined                    no-undef
  105:1   warning  'F0' is not defined                   no-undef
  105:6   warning  '$' is not defined                    no-undef
  106:1   warning  'x10' is not defined                  no-undef
  106:7   warning  '$' is not defined                    no-undef
  109:3   warning  'push' is not defined                 no-undef
  112:3   warning  'magFac1' is not defined              no-undef
  115:3   warning  't' is not defined                    no-undef
  115:7   warning  't' is not defined                    no-undef
  115:11  warning  'dt' is not defined                   no-undef
  118:9   warning  '$' is not defined                    no-undef
  120:7   warning  '$' is not defined                    no-undef
  128:7   warning  '$' is not defined                    no-undef
  130:7   warning  '$' is not defined                    no-undef
  144:3   warning  '$' is not defined                    no-undef

/home/runner/work/exp-impulse-response-analysis-nitk/exp-impulse-response-analysis-nitk/experiment/simulation/js/page3.js
    1:10  warning  'runPage3' is defined but never used  no-unused-vars
    2:3   warning  'background' is not defined           no-undef
    5:3   warning  'stroke' is not defined               no-undef
    6:3   warning  'fill' is not defined                 no-undef
    8:3   warning  'push' is not defined                 no-undef
   10:3   warning  'pop' is not defined                  no-undef
   12:3   warning  'textSize' is not defined             no-undef
   13:3   warning  'strokeWeight' is not defined         no-undef
   14:3   warning  'text' is not defined                 no-undef
   16:3   warning  'magFac1' is not defined              no-undef
   17:5   warning  'magFac1' is not defined              no-undef
   20:5   warning  'magFac2' is not defined              no-undef
   21:5   warning  'magFac2' is not defined              no-undef
   23:5   warning  'stroke' is not defined               no-undef
   24:5   warning  'strokeWeight' is not defined         no-undef
   25:5   warning  'line' is not defined                 no-undef
   26:5   warning  'stroke' is not defined               no-undef
   27:5   warning  'strokeWeight' is not defined         no-undef
   28:5   warning  'textSize' is not defined             no-undef
   29:5   warning  'text' is not defined                 no-undef
   31:5   warning  'stroke' is not defined               no-undef
   32:5   warning  'strokeWeight' is not defined         no-undef
   33:5   warning  'line' is not defined                 no-undef
   34:5   warning  'stroke' is not defined               no-undef
   35:5   warning  'strokeWeight' is not defined         no-undef
   36:5   warning  'textSize' is not defined             no-undef
   37:5   warning  'text' is not defined                 no-undef
   41:5   warning  'stroke' is not defined               no-undef
   42:5   warning  'strokeWeight' is not defined         no-undef
   43:5   warning  'point' is not defined                no-undef
   44:5   warning  'strokeWeight' is not defined         no-undef
   45:5   warning  'fill' is not defined                 no-undef
   46:5   warning  'text' is not defined                 no-undef
   47:5   warning  'stroke' is not defined               no-undef
   48:5   warning  'strokeWeight' is not defined         no-undef
   49:5   warning  'point' is not defined                no-undef
   50:5   warning  'strokeWeight' is not defined         no-undef
   51:5   warning  'fill' is not defined                 no-undef
   52:5   warning  'text' is not defined                 no-undef
   55:3   warning  'strokeWeight' is not defined         no-undef
   56:5   warning  'spring1' is not defined              no-undef
   56:25  warning  'k3' is not defined                   no-undef
   56:28  warning  'k1' is not defined                   no-undef
   56:31  warning  'm1' is not defined                   no-undef
   56:34  warning  'k2' is not defined                   no-undef
   56:37  warning  'm2' is not defined                   no-undef
   56:41  warning  'x10' is not defined                  no-undef
   56:46  warning  'x20' is not defined                  no-undef
   57:5   warning  'spring1' is not defined              no-undef
   57:20  warning  't' is not defined                    no-undef
   57:23  warning  'factor' is not defined               no-undef
   59:5   warning  'stroke' is not defined               no-undef
   60:5   warning  'strokeWeight' is not defined         no-undef
   61:5   warning  'point' is not defined                no-undef
   61:16  warning  'spring1' is not defined              no-undef
   64:5   warning  'stroke' is not defined               no-undef
   65:5   warning  'strokeWeight' is not defined         no-undef
   66:5   warning  'point' is not defined                no-undef
   66:21  warning  'spring1' is not defined              no-undef
   68:5   warning  'strokeWeight' is not defined         no-undef
   75:3   warning  'stroke' is not defined               no-undef
   76:3   warning  'fill' is not defined                 no-undef
   77:45  warning  'spring1' is not defined              no-undef
   78:43  warning  'spring1' is not defined              no-undef
   79:45  warning  'spring1' is not defined              no-undef
   79:57  warning  'spring1' is not defined              no-undef
   80:45  warning  'spring1' is not defined              no-undef
   80:57  warning  'spring1' is not defined              no-undef
   81:44  warning  'abs' is not defined                  no-undef
   81:48  warning  'spring1' is not defined              no-undef
   82:44  warning  'abs' is not defined                  no-undef
   82:48  warning  'spring1' is not defined              no-undef
   84:46  warning  'abs' is not defined                  no-undef
   84:50  warning  'spring1' is not defined              no-undef
   84:64  warning  'spring1' is not defined              no-undef
   84:77  warning  'spring1' is not defined              no-undef
   85:46  warning  'abs' is not defined                  no-undef
   85:50  warning  'spring1' is not defined              no-undef
   85:64  warning  'spring1' is not defined              no-undef
   85:77  warning  'spring1' is not defined              no-undef
   87:1   warning  'k1' is not defined                   no-undef
   87:6   warning  '$' is not defined                    no-undef
   88:1   warning  'm1' is not defined                   no-undef
   88:6   warning  '$' is not defined                    no-undef
   89:1   warning  'k2' is not defined                   no-undef
   89:6   warning  '$' is not defined                    no-undef
   90:1   warning  'm2' is not defined                   no-undef
   90:6   warning  '$' is not defined                    no-undef
   91:1   warning  'k3' is not defined                   no-undef
   91:6   warning  '$' is not defined                    no-undef
   92:1   warning  'F0' is not defined                   no-undef
   92:6   warning  '$' is not defined                    no-undef
   93:1   warning  'x10' is not defined                  no-undef
   93:7   warning  '$' is not defined                    no-undef
   94:1   warning  'x20' is not defined                  no-undef
   94:7   warning  '$' is not defined                    no-undef
   96:3   warning  'push' is not defined                 no-undef
  102:3   warning  't' is not defined                    no-undef
  102:7   warning  't' is not defined                    no-undef
  102:11  warning  'dt' is not defined                   no-undef
  105:9   warning  '$' is not defined                    no-undef
  107:7   warning  '$' is not defined                    no-undef
  114:7   warning  '$' is not defined                    no-undef
  126:3   warning  '$' is not defined                    no-undef

/home/runner/work/exp-impulse-response-analysis-nitk/exp-impulse-response-analysis-nitk/experiment/simulation/js/script1.js
    1:5   warning  'F0' is assigned a value but never used         no-unused-vars
    1:9   warning  'w' is defined but never used                   no-unused-vars
    1:12  warning  'k1' is assigned a value but never used         no-unused-vars
    1:16  warning  'm1' is assigned a value but never used         no-unused-vars
    1:20  warning  'k2' is assigned a value but never used         no-unused-vars
    1:24  warning  'm2' is assigned a value but never used         no-unused-vars
    3:5   warning  'rotstatus' is assigned a value but never used  no-unused-vars
    4:10  warning  'startsim' is defined but never used            no-unused-vars
   12:10  warning  'refresh' is defined but never used             no-unused-vars
   29:10  warning  'varinit' is defined but never used             no-unused-vars
   33:3   warning  '$' is not defined                              no-undef
   34:5   warning  'validatePositiveInput' is not defined          no-undef
   37:3   warning  '$' is not defined                              no-undef
   38:5   warning  'validatePositiveInput' is not defined          no-undef
   41:3   warning  '$' is not defined                              no-undef
   42:5   warning  'validatePositiveInput' is not defined          no-undef
   45:3   warning  '$' is not defined                              no-undef
   46:5   warning  'validatePositiveInput' is not defined          no-undef
   49:3   warning  '$' is not defined                              no-undef
   50:5   warning  'validatePositiveInput' is not defined          no-undef
   53:3   warning  '$' is not defined                              no-undef
   54:5   warning  'validatePositiveInput' is not defined          no-undef
   57:3   warning  '$' is not defined                              no-undef
   58:5   warning  'validatePositiveInput' is not defined          no-undef
   61:3   warning  '$' is not defined                              no-undef
   62:5   warning  'validatePositiveInput' is not defined          no-undef
   66:5   warning  '$' is not defined                              no-undef
   67:5   warning  '$' is not defined                              no-undef
   69:5   warning  '$' is not defined                              no-undef
   70:5   warning  '$' is not defined                              no-undef
   72:5   warning  '$' is not defined                              no-undef
   73:5   warning  '$' is not defined                              no-undef
   75:5   warning  '$' is not defined                              no-undef
   76:5   warning  '$' is not defined                              no-undef
   78:5   warning  '$' is not defined                              no-undef
   79:5   warning  '$' is not defined                              no-undef
   81:5   warning  '$' is not defined                              no-undef
   82:5   warning  '$' is not defined                              no-undef
   84:5   warning  '$' is not defined                              no-undef
   85:5   warning  '$' is not defined                              no-undef
   87:5   warning  '$' is not defined                              no-undef
   88:5   warning  '$' is not defined                              no-undef
   98:3   warning  '$' is not defined                              no-undef
  101:3   warning  '$' is not defined                              no-undef
  104:3   warning  '$' is not defined                              no-undef
  105:5   warning  '$' is not defined                              no-undef
  106:5   warning  'ptx' is not defined                            no-undef
  107:5   warning  'pty' is not defined                            no-undef
  109:3   warning  '$' is not defined                              no-undef
  110:5   warning  '$' is not defined                              no-undef
  111:5   warning  'ptx' is not defined                            no-undef
  112:5   warning  'pty' is not defined                            no-undef
  114:3   warning  '$' is not defined                              no-undef
  118:3   warning  '$' is not defined                              no-undef
  121:3   warning  '$' is not defined                              no-undef
  124:3   warning  '$' is not defined                              no-undef
  125:5   warning  '$' is not defined                              no-undef
  126:5   warning  'ptx' is not defined                            no-undef
  127:5   warning  'pty' is not defined                            no-undef
  129:3   warning  '$' is not defined                              no-undef
  130:5   warning  '$' is not defined                              no-undef
  131:5   warning  'ptx' is not defined                            no-undef
  132:5   warning  'pty' is not defined                            no-undef
  134:3   warning  '$' is not defined                              no-undef
  138:3   warning  '$' is not defined                              no-undef
  140:3   warning  '$' is not defined                              no-undef
  143:3   warning  '$' is not defined                              no-undef
  144:5   warning  '$' is not defined                              no-undef
  145:5   warning  'ptx' is not defined                            no-undef
  146:5   warning  'pty' is not defined                            no-undef
  148:3   warning  '$' is not defined                              no-undef
  149:5   warning  '$' is not defined                              no-undef
  150:5   warning  'ptx' is not defined                            no-undef
  151:5   warning  'pty' is not defined                            no-undef
  153:3   warning  '$' is not defined                              no-undef
  157:3   warning  '$' is not defined                              no-undef
  159:3   warning  '$' is not defined                              no-undef
  162:3   warning  '$' is not defined                              no-undef
  163:5   warning  '$' is not defined                              no-undef
  164:5   warning  'ptx' is not defined                            no-undef
  165:5   warning  'pty' is not defined                            no-undef
  167:3   warning  '$' is not defined                              no-undef
  168:5   warning  '$' is not defined                              no-undef
  169:5   warning  'ptx' is not defined                            no-undef
  170:5   warning  'pty' is not defined                            no-undef
  172:3   warning  '$' is not defined                              no-undef
  176:3   warning  '$' is not defined                              no-undef
  178:3   warning  '$' is not defined                              no-undef
  181:3   warning  '$' is not defined                              no-undef
  182:5   warning  '$' is not defined                              no-undef
  183:5   warning  'ptx' is not defined                            no-undef
  184:5   warning  'pty' is not defined                            no-undef
  186:3   warning  '$' is not defined                              no-undef
  187:5   warning  '$' is not defined                              no-undef
  188:5   warning  'ptx' is not defined                            no-undef
  189:5   warning  'pty' is not defined                            no-undef
  191:3   warning  '$' is not defined                              no-undef
  195:3   warning  '$' is not defined                              no-undef
  197:3   warning  '$' is not defined                              no-undef
  200:3   warning  '$' is not defined                              no-undef
  201:5   warning  '$' is not defined                              no-undef
  202:5   warning  'ptx' is not defined                            no-undef
  203:5   warning  'pty' is not defined                            no-undef
  205:3   warning  '$' is not defined                              no-undef
  206:5   warning  '$' is not defined                              no-undef
  207:5   warning  'ptx' is not defined                            no-undef
  208:5   warning  'pty' is not defined                            no-undef
  210:3   warning  '$' is not defined                              no-undef
  216:3   warning  '$' is not defined                              no-undef
  218:3   warning  '$' is not defined                              no-undef
  221:3   warning  '$' is not defined                              no-undef
  222:5   warning  '$' is not defined                              no-undef
  223:5   warning  'ptx' is not defined                            no-undef
  224:5   warning  'pty' is not defined                            no-undef
  226:3   warning  '$' is not defined                              no-undef
  227:5   warning  '$' is not defined                              no-undef
  228:5   warning  'ptx' is not defined                            no-undef
  229:5   warning  'pty' is not defined                            no-undef
  231:3   warning  '$' is not defined                              no-undef
  236:3   warning  '$' is not defined                              no-undef
  238:3   warning  '$' is not defined                              no-undef
  241:3   warning  '$' is not defined                              no-undef
  242:5   warning  '$' is not defined                              no-undef
  243:5   warning  'ptx' is not defined                            no-undef
  244:5   warning  'pty' is not defined                            no-undef
  246:3   warning  '$' is not defined                              no-undef
  247:5   warning  '$' is not defined                              no-undef
  248:5   warning  'ptx' is not defined                            no-undef
  249:5   warning  'pty' is not defined                            no-undef
  251:3   warning  '$' is not defined                              no-undef
  267:3   warning  '$' is not defined                              no-undef
  267:33  warning  '$' is not defined                              no-undef
  268:3   warning  '$' is not defined                              no-undef
  268:37  warning  '$' is not defined                              no-undef
  269:3   warning  '$' is not defined                              no-undef
  269:34  warning  '$' is not defined                              no-undef
  270:3   warning  '$' is not defined                              no-undef
  270:34  warning  '$' is not defined                              no-undef
  271:3   warning  '$' is not defined                              no-undef
  271:34  warning  '$' is not defined                              no-undef
  272:3   warning  '$' is not defined                              no-undef
  272:34  warning  '$' is not defined                              no-undef
  273:8   warning  '$' is not defined                              no-undef
  274:8   warning  '$' is not defined                              no-undef
  275:8   warning  '$' is not defined                              no-undef
  276:8   warning  '$' is not defined                              no-undef
  277:3   warning  'k3' is not defined                             no-undef
  277:8   warning  '$' is not defined                              no-undef
  278:8   warning  '$' is not defined                              no-undef
  279:3   warning  'x10' is not defined                            no-undef
  279:9   warning  '$' is not defined                              no-undef
  280:3   warning  'x20' is not defined                            no-undef
  280:9   warning  '$' is not defined                              no-undef
  314:10  warning  'movetoTop' is defined but never used           no-unused-vars

/home/runner/work/exp-impulse-response-analysis-nitk/exp-impulse-response-analysis-nitk/experiment/simulation/js/sketch.js
    4:5   warning  'width' is assigned a value but never used            no-unused-vars
    5:5   warning  'height' is assigned a value but never used           no-unused-vars
    8:5   warning  't' is assigned a value but never used                no-unused-vars
    9:5   warning  'dt' is assigned a value but never used               no-unused-vars
   14:5   warning  'J' is defined but never used                         no-unused-vars
   17:5   warning  'position_graph1' is assigned a value but never used  no-unused-vars
   18:5   warning  'position_graph2' is assigned a value but never used  no-unused-vars
   19:5   warning  'magFac' is defined but never used                    no-unused-vars
   37:5   warning  'factor' is assigned a value but never used           no-unused-vars
   40:5   warning  'img' is defined but never used                       no-unused-vars
   41:5   warning  'button1' is defined but never used                   no-unused-vars
   42:5   warning  'button2' is defined but never used                   no-unused-vars
   43:5   warning  'button3' is defined but never used                   no-unused-vars
   44:5   warning  'button4' is defined but never used                   no-unused-vars
   45:5   warning  'button5' is defined but never used                   no-unused-vars
   46:5   warning  'spr' is assigned a value but never used              no-unused-vars
   56:5   warning  'touch' is assigned a value but never used            no-unused-vars
   57:5   warning  'simTimeId' is defined but never used                 no-unused-vars
   60:5   warning  'clear' is defined but never used                     no-unused-vars
   61:5   warning  'gt' is defined but never used                        no-unused-vars
   62:5   warning  'bluec' is defined but never used                     no-unused-vars
   64:10  warning  'preload' is defined but never used                   no-unused-vars
   70:9   warning  'loadImage' is not defined                            no-undef
   71:3   warning  '$' is not defined                                    no-undef
   75:3   warning  '$' is not defined                                    no-undef
   79:3   warning  '$' is not defined                                    no-undef
   85:10  warning  'setup' is defined but never used                     no-unused-vars
   92:22  warning  'createCanvas' is not defined                         no-undef
   95:17  warning  'System' is not defined                               no-undef
   97:27  warning  'Graph' is not defined                                no-undef
   99:27  warning  'Graph' is not defined                                no-undef
  101:19  warning  'DynamicGraph' is not defined                         no-undef
  101:75  warning  'System' is not defined                               no-undef
  102:19  warning  'DynamicGraph' is not defined                         no-undef
  102:77  warning  'System' is not defined                               no-undef
  110:44  warning  'abs' is not defined                                  no-undef
  111:44  warning  'abs' is not defined                                  no-undef
  113:46  warning  'abs' is not defined                                  no-undef
  114:46  warning  'abs' is not defined                                  no-undef
  115:3   warning  'varinit' is not defined                              no-undef
  116:3   warning  'k1' is not defined                                   no-undef
  116:8   warning  '$' is not defined                                    no-undef
  117:3   warning  'm1' is not defined                                   no-undef
  117:8   warning  '$' is not defined                                    no-undef
  118:3   warning  'k2' is not defined                                   no-undef
  118:8   warning  '$' is not defined                                    no-undef
  119:3   warning  'm2' is not defined                                   no-undef
  119:8   warning  '$' is not defined                                    no-undef
  120:3   warning  'k3' is not defined                                   no-undef
  120:8   warning  '$' is not defined                                    no-undef
  121:3   warning  'F0' is not defined                                   no-undef
  121:8   warning  '$' is not defined                                    no-undef
  122:3   warning  'x10' is not defined                                  no-undef
  122:9   warning  '$' is not defined                                    no-undef
  123:3   warning  'x20' is not defined                                  no-undef
  123:9   warning  '$' is not defined                                    no-undef
  131:10  warning  'draw' is defined but never used                      no-unused-vars
  133:5   warning  'runPage1' is not defined                             no-undef
  137:5   warning  'runPage2' is not defined                             no-undef
  141:5   warning  'runPage3' is not defined                             no-undef
  146:10  warning  'simstate' is defined but never used                  no-unused-vars
  148:3   warning  'imgfilename' is assigned a value but never used      no-unused-vars
  154:5   warning  'noLoop' is not defined                               no-undef
  159:5   warning  'loop' is not defined                                 no-undef
  167:10  warning  'graphPlot' is defined but never used                 no-unused-vars
  177:3   warning  '$' is not defined                                    no-undef
  181:3   warning  '$' is not defined                                    no-undef
  185:3   warning  '$' is not defined                                    no-undef
  193:3   warning  'runPage2' is not defined                             no-undef
  201:10  warning  'screenchangeMag' is defined but never used           no-unused-vars
  209:10  warning  'screenChangePrevious' is defined but never used      no-unused-vars
  225:3   warning  'runPage1' is not defined                             no-undef
  240:3   warning  'runPage2' is not defined                             no-undef
  251:3   warning  'runPage3' is not defined                             no-undef

/home/runner/work/exp-impulse-response-analysis-nitk/exp-impulse-response-analysis-nitk/experiment/simulation/js/system.js
    2:7   warning  'System' is defined but never used      no-unused-vars
   55:46  warning  '_x10' is defined but never used        no-unused-vars
   55:53  warning  '_x20' is defined but never used        no-unused-vars
  101:10  warning  't' is defined but never used           no-unused-vars
  101:13  warning  '_mulfact' is defined but never used    no-unused-vars
  120:7   warning  'push' is not defined                   no-undef
  121:17  warning  'spr' is not defined                    no-undef
  122:17  warning  'spr' is not defined                    no-undef
  123:7   warning  'textSize' is not defined               no-undef
  124:7   warning  'fill' is not defined                   no-undef
  126:11  warning  'fill' is not defined                   no-undef
  127:11  warning  'text' is not defined                   no-undef
  128:11  warning  'text' is not defined                   no-undef
  129:11  warning  'text' is not defined                   no-undef
  130:11  warning  'fill' is not defined                   no-undef
  131:11  warning  'text' is not defined                   no-undef
  132:7   warning  'strokeWeight' is not defined           no-undef
  133:7   warning  'line' is not defined                   no-undef
  134:7   warning  'line' is not defined                   no-undef
  135:7   warning  'line' is not defined                   no-undef
  136:7   warning  'line' is not defined                   no-undef
  138:7   warning  'line' is not defined                   no-undef
  139:7   warning  'line' is not defined                   no-undef
  140:7   warning  'line' is not defined                   no-undef
  141:7   warning  'line' is not defined                   no-undef
  142:7   warning  'strokeWeight' is not defined           no-undef
  143:7   warning  'text' is not defined                   no-undef
  147:7   warning  'image' is not defined                  no-undef
  147:13  warning  'spr' is not defined                    no-undef
  148:7   warning  'fill' is not defined                   no-undef
  149:7   warning  'textSize' is not defined               no-undef
  150:7   warning  'text' is not defined                   no-undef
  151:7   warning  'image' is not defined                  no-undef
  151:13  warning  'spr' is not defined                    no-undef
  153:7   warning  'fill' is not defined                   no-undef
  154:7   warning  'textSize' is not defined               no-undef
  155:7   warning  'text' is not defined                   no-undef
  158:7   warning  'rectMode' is not defined               no-undef
  158:16  warning  'CENTER' is not defined                 no-undef
  159:7   warning  'fill' is not defined                   no-undef
  160:7   warning  'rect' is not defined                   no-undef
  163:7   warning  'rect' is not defined                   no-undef
  164:7   warning  'stroke' is not defined                 no-undef
  165:7   warning  'strokeWeight' is not defined           no-undef
  166:7   warning  'fill' is not defined                   no-undef
  167:7   warning  'rectMode' is not defined               no-undef
  167:16  warning  'CENTER' is not defined                 no-undef
  168:7   warning  'fill' is not defined                   no-undef
  169:7   warning  'rect' is not defined                   no-undef
  170:7   warning  'fill' is not defined                   no-undef
  171:7   warning  'textSize' is not defined               no-undef
  172:7   warning  'text' is not defined                   no-undef
  173:7   warning  'rectMode' is not defined               no-undef
  173:16  warning  'CENTER' is not defined                 no-undef
  174:7   warning  'fill' is not defined                   no-undef
  175:7   warning  'rect' is not defined                   no-undef
  176:7   warning  'fill' is not defined                   no-undef
  177:7   warning  'textSize' is not defined               no-undef
  178:7   warning  'text' is not defined                   no-undef
  180:7   warning  'fill' is not defined                   no-undef
  184:7   warning  'fill' is not defined                   no-undef
  185:11  warning  'x' is assigned a value but never used  no-unused-vars
  186:11  warning  'y' is assigned a value but never used  no-unused-vars
  188:7   warning  'pop' is not defined                    no-undef
  201:11  warning  'abs' is not defined                    no-undef
  202:18  warning  'abs' is not defined                    no-undef
  216:11  warning  'abs' is not defined                    no-undef
  217:18  warning  'abs' is not defined                    no-undef

 1032 problems (1 error, 1031 warnings)
  0 errors and 2 warnings potentially fixable with the `--fix` option.

